<?xml version="1.0" encoding="UTF-8"?>
<!-- Generated by org.testng.reporters.JUnitReportReporter -->
<testsuite hostname="DESKTOP-FR343K9" failures="0" tests="1" name="TestNG.Annotations" time="6.038" errors="0" timestamp="2024-02-05T23:05:40 IST" skipped="0">
  <testcase classname="TestNG.Annotations" name="launchURL" time="6.038"/>
  <system-out/>
</testsuite> <!-- TestNG.Annotations -->
